(node:13272) [MONGOOSE] DeprecationWarning: Mongoose: the `strictQuery` option will be switched back to `false` by default in Mongoose 7. Use `mongoose.set('strictQuery', false);` if you want to prepare for this change. Or use `mongoose.set('strictQuery', true);` to suppress this warning.
(Use `node --trace-deprecation ...` to show where the warning was created)
node:events:492
      throw er; // Unhandled 'error' event
      ^

Error: listen EADDRINUSE: address already in use :::4000
    at Server.setupListenHandle [as _listen2] (node:net:1751:16)
    at listenInCluster (node:net:1799:12)
    at Server.listen (node:net:1887:7)
    at Function.listen (C:\pbl\backend\node_modules\express\lib\application.js:635:24)
    at Object.<anonymous> (C:\pbl\backend\server.js:30:20)
    at Module._compile (node:internal/modules/cjs/loader:1256:14)
    at Module._extensions..js (node:internal/modules/cjs/loader:1310:10)
    at Module.load (node:internal/modules/cjs/loader:1119:32)
    at Module._load (node:internal/modules/cjs/loader:960:12)
    at Function.executeUserEntryPoint [as runMain] (node:internal/modules/run_main:81:12)
Emitted 'error' event on Server instance at:
    at emitErrorNT (node:net:1778:8)
    at process.processTicksAndRejections (node:internal/process/task_queues:82:21) {
  code: 'EADDRINUSE',
  errno: -4091,
  syscall: 'listen',
  address: '::',
  port: 4000
}

Node.js v18.17.0
(node:11592) [MONGOOSE] DeprecationWarning: Mongoose: the `strictQuery` option will be switched back to `false` by default in Mongoose 7. Use `mongoose.set('strictQuery', false);` if you want to prepare for this change. Or use `mongoose.set('strictQuery', true);` to suppress this warning.
(Use `node --trace-deprecation ...` to show where the warning was created)
Not Found
Not Found
E11000 duplicate key error collection: nakoda.user index: userName_1 dup key: { userName: "hemanth" }
E11000 duplicate key error collection: nakoda.user index: userName_1 dup key: { userName: "hemanth" }
E11000 duplicate key error collection: nakoda.user index: userName_1 dup key: { userName: "hemanth" }
E11000 duplicate key error collection: nakoda.user index: userName_1 dup key: { userName: "hemanth" }
(node:3612) [MONGOOSE] DeprecationWarning: Mongoose: the `strictQuery` option will be switched back to `false` by default in Mongoose 7. Use `mongoose.set('strictQuery', false);` if you want to prepare for this change. Or use `mongoose.set('strictQuery', true);` to suppress this warning.
(Use `node --trace-deprecation ...` to show where the warning was created)
E11000 duplicate key error collection: nakoda.customerList index: _id_ dup key: { _id: ObjectId('6572a916c1051097568eff81') }
Cast to date failed for value "22/12/2023" (type string) at path "redemptionDate"
E11000 duplicate key error collection: nakoda.customerList index: _id_ dup key: { _id: ObjectId('657473a8c1051097568f0268') }
E11000 duplicate key error collection: nakoda.customerList index: _id_ dup key: { _id: ObjectId('657473a8c1051097568f0268') }
E11000 duplicate key error collection: nakoda.customerList index: _id_ dup key: { _id: ObjectId('6572c8ebc1051097568f00ab') }
E11000 duplicate key error collection: nakoda.customerList index: _id_ dup key: { _id: ObjectId('65749494c1051097568f0286') }
E11000 duplicate key error collection: nakoda.customerList index: _id_ dup key: { _id: ObjectId('65749494c1051097568f0286') }
E11000 duplicate key error collection: nakoda.customerList index: _id_ dup key: { _id: ObjectId('65749494c1051097568f0286') }
E11000 duplicate key error collection: nakoda.customerList index: _id_ dup key: { _id: ObjectId('6572c8ebc1051097568f00ab') }
(node:4264) [MONGOOSE] DeprecationWarning: Mongoose: the `strictQuery` option will be switched back to `false` by default in Mongoose 7. Use `mongoose.set('strictQuery', false);` if you want to prepare for this change. Or use `mongoose.set('strictQuery', true);` to suppress this warning.
(Use `node --trace-deprecation ...` to show where the warning was created)
(node:4668) [MONGOOSE] DeprecationWarning: Mongoose: the `strictQuery` option will be switched back to `false` by default in Mongoose 7. Use `mongoose.set('strictQuery', false);` if you want to prepare for this change. Or use `mongoose.set('strictQuery', true);` to suppress this warning.
(Use `node --trace-deprecation ...` to show where the warning was created)
