Connected to port 4000
Connected to Mongo! Database name: "nakoda"
hemanth
hemanth
hemanth
hemanth
hemanth
hemanth
hemanth 
hemanth 
hemanth 
hemanth 
nakoda
nakoda
hemanth 
hemanth 
hemanth 
hemanth 
hemanth 
hemanth 
hemanth 
hemanth 
hemanth 
hemanth 
hemanth 
hemanth 
hemanth 
hemanth 
hemanth 
undefined
hemanth 
hemanth 
hemanth 
hemanth 
hemanth 
hemanth 
hemanth 
Student updated successfully !
hemanth 
hemanth 
hemanth 
hemanth 
hemanth 
Student updated successfully !
hemanth 
Student updated successfully !
hemanth 
hemanth 
hemanth 
Student updated successfully !
hemanth 
hemanth 
hemanth 
undefined
hemanth 
hemanth 
hemanth 
hemanth 
undefined
hemanth 
hemanth 
hemanth 
Student updated successfully !
Student updated successfully !
hemanth 
undefined
hemanth 
hemanth 
hemanth 
Student updated successfully !
Student updated successfully !
hemanth 
Student updated successfully !
hemanth 
Student updated successfully !
hemanth 
hemanth 
hemanth 
hemanth 
undefined
hemanth 
hemanth 
hemanth 
undefined
hemanth 
hemanth 
hemanth 
hemanth 
hemanth 
hemanth 
hemanth 
hemanth 
hemanth 
hemanth 
hemanth 
undefined
hemanth 
hemanth 
hemanth 
hemanth 
hemanth 
hemanth 
hemanth 
hemanth 
undefined
hemanth 
hemanth 
hemanth 
undefined
hemanth 
hemanth 
hemanth 
undefined
hemanth 
hemanth 
hemanth 
undefined
undefined
undefined
hemanth 
hemanth 
hemanth 
Student updated successfully !
hemanth 
hemanth 
hemanth 
undefined
hemanth 
hemanth 
hemanth 
undefined
hemanth 
hemanth 
hemanth 
Student updated successfully !
hemanth 
undefined
hemanth 
hemanth 
hemanth 
hemanth 
hemanth 
hemanth 
undefined
hemanth 
hemanth 
hemanth 
undefined
undefined
hemanth 
hemanth 
hemanth 
Student updated successfully !
hemanth 
hemanth 
hemanth 
hemanth 
Student updated successfully !
hemanth 
Student updated successfully !
Student updated successfully !
hemanth 
Student updated successfully !
hemanth 
hemanth 
hemanth 
hemanth 
Student updated successfully !
hemanth 
hemanth 
hemanth 
hemanth 
hemanth 
hemanth 
hemanth 
hemanth 
hemanth 
hemanth 
hemanth 
hemanth 
Student updated successfully !
hemanth 
hemanth 
hemanth 
Student updated successfully !
hemanth 
Student updated successfully !
Student updated successfully !
Student updated successfully !
Student updated successfully !
Connected to port 4000
Connected to Mongo! Database name: "nakoda"
hemanth 
hemanth 
hemanth 
hemanth 
hemanth 
hemanth 
hemanth 
hemanth 
hemanth 
hemanth 
hemanth 
{
  cName: 'dsdasd',
  address: '',
  cityPincode: 'Chennai - 600 081',
  date: '2023-11-02',
  contactNo: null,
  billNumber: '737/2023',
  amount: null,
  articleName: [],
  metal: 'GOLD',
  gram: null,
  mg: null,
  redemptionDate: null,
  redemptionAmount: null,
  remark: '',
  presentValue: null,
  idProof: '',
  createdBy: 'hemanth ',
  _id: new ObjectId("6543d1eb8b2f4d86c8156a8a"),
  principle: [],
  __v: 0
}
hemanth 
{
  cName: 'fsdfdsfd',
  address: '',
  cityPincode: 'Chennai - 600 081',
  date: '2023-11-02',
  contactNo: null,
  billNumber: '738/2023',
  oldBillNumber: '',
  amount: null,
  articleName: [],
  metal: 'GOLD',
  gram: null,
  mg: null,
  redemptionDate: null,
  redemptionAmount: null,
  remark: '',
  presentValue: null,
  createdBy: 'hemanth ',
  _id: new ObjectId("6543d2368b2f4d86c8156afc"),
  principle: [],
  __v: 0
}
hemanth 
hemanth 
hemanth 
hemanth 
hemanth 
hemanth 
hemanth 
hemanth 
hemanth 
hemanth 
undefined
hemanth 
hemanth 
nakoda
nakoda
nakoda
nakoda
nakoda
nakoda
nakoda
nakoda
nakoda
nakoda
nakoda
nakoda
nakoda
nakoda
nakoda
nakoda
nakoda
nakoda
hemanth 
hemanth 
hemanth 
hemanth 
hemanth 
hemanth 
hemanth 
hemanth 
hemanth 
hemanth 
hemanth 
hemanth 
hemanth 
nakoda
nakoda
nakoda
nakoda
nakoda
nakoda
nakoda
nakoda
nakoda
nakoda
hemanth 
hemanth 
hemanth 
{
  cName: 'test',
  address: '',
  cityPincode: 'Chennai - 600 081',
  date: '2023-11-03',
  contactNo: null,
  billNumber: '849/2023',
  amount: null,
  articleName: [],
  metal: 'GOLD',
  gram: null,
  mg: null,
  redemptionDate: null,
  redemptionAmount: null,
  remark: '',
  presentValue: null,
  idProof: '',
  createdBy: 'hemanth ',
  _id: new ObjectId("6544bd678b2f4d86c8156c1c"),
  principle: [],
  __v: 0
}
hemanth 
hemanth 
hemanth 
{
  cName: 'test2',
  address: '',
  cityPincode: 'Chennai - 600 081',
  date: '2023-11-03',
  contactNo: null,
  billNumber: '850/2023',
  amount: null,
  articleName: [],
  metal: 'GOLD',
  gram: null,
  mg: null,
  redemptionDate: null,
  redemptionAmount: null,
  remark: '',
  presentValue: null,
  idProof: '',
  createdBy: 'hemanth ',
  _id: new ObjectId("6544bdca8b2f4d86c8156c21"),
  principle: [],
  __v: 0
}
hemanth 
hemanth 
hemanth 
hemanth 
hemanth 
hemanth 
hemanth 
hemanth 
hemanth 
hemanth 
nakoda
nakoda
undefined
nakoda
nakoda
nakoda
nakoda
nakoda
hemanth
hemanth
hemanth
hemanth 
hemanth 
hemanth 
hemanth 
hemanth 
hemanth 
hemanth
hemanth
hemanth
hemanth 
hemanth 
hemanth 
hemanth 
hemanth 
hemanth 
nakoda
nakoda
nakoda
nakoda
nakoda
nakoda
hemanth 
hemanth 
hemanth 
nakoda
nakoda
nakoda
nakoda
nakoda
nakoda
nakoda
nakoda
nakoda
nakoda
nakoda
nakoda
nakoda
nakoda
nakoda
nakoda
nakoda
nakoda
nakoda
nakoda
nakoda
nakoda
nakoda
nakoda
nakoda
nakoda
nakoda
nakoda
nakoda
nakoda
nakoda
nakoda
{
  cName: 'KALAIVANI TEST',
  address: '829/36 VOC NAGAR',
  cityPincode: 'Chennai - 600 081',
  date: '2023-11-04',
  contactNo: null,
  billNumber: '1/2023',
  amount: 10000,
  articleName: [ 'KAMAL' ],
  metal: 'GOLD',
  gram: 1,
  mg: 700,
  redemptionDate: null,
  redemptionAmount: null,
  remark: '',
  presentValue: 11000,
  idProof: '',
  createdBy: 'nakoda',
  _id: new ObjectId("65467bc18b2f4d86c8156c75"),
  principle: [],
  __v: 0
}
nakoda
nakoda
nakoda
nakoda
nakoda
nakoda
nakoda
nakoda
nakoda
nakoda
Student updated successfully !
nakoda
nakoda
nakoda
nakoda
nakoda
nakoda
nakoda
nakoda
nakoda
nakoda
nakoda
nakoda
nakoda
nakoda
nakoda
nakoda
nakoda
nakoda
nakoda
nakoda
nakoda
nakoda
nakoda
nakoda
nakoda
nakoda
nakoda
nakoda
nakoda
nakoda
nakoda
nakoda
nakoda
nakoda
nakoda
nakoda
nakoda
nakoda
nakoda
nakoda
nakoda
nakoda
nakoda
nakoda
nakoda
nakoda
nakoda
{
  cName: 'testDelivey',
  address: '',
  cityPincode: 'Chennai - 600 081',
  date: '2023-11-05',
  contactNo: null,
  billNumber: '1/2023',
  amount: null,
  articleName: [],
  metal: 'GOLD',
  gram: null,
  mg: null,
  redemptionDate: null,
  redemptionAmount: null,
  remark: '',
  presentValue: null,
  idProof: '',
  createdBy: 'nakoda',
  _id: new ObjectId("65477a048b2f4d86c8156cca"),
  principle: [],
  __v: 0
}
nakoda
Student updated successfully !
nakoda
nakoda
nakoda
nakoda
nakoda
nakoda
nakoda
nakoda
nakoda
nakoda
nakoda
nakoda
nakoda
{
  cName: 'testPi',
  address: '',
  cityPincode: 'Chennai - 600 081',
  date: '2023-11-05',
  contactNo: null,
  billNumber: '1/2023',
  amount: null,
  articleName: [],
  metal: 'GOLD',
  gram: null,
  mg: null,
  redemptionDate: null,
  redemptionAmount: null,
  remark: '',
  presentValue: null,
  idProof: '',
  createdBy: 'nakoda',
  _id: new ObjectId("65477d3b8b2f4d86c8156ceb"),
  principle: [],
  __v: 0
}
nakoda
nakoda
nakoda
nakoda
nakoda
nakoda
nakoda
nakoda
nakoda
nakoda
nakoda
nakoda
nakoda
nakoda
nakoda
nakoda
nakoda
nakoda
nakoda
nakoda
nakoda
nakoda
nakoda
nakoda
nakoda
nakoda
nakoda
nakoda
{
  cName: 'testDate',
  address: '',
  cityPincode: 'Chennai - 600 081',
  date: '2023-03-05',
  contactNo: null,
  billNumber: '1/2023',
  amount: 5000,
  articleName: [],
  metal: 'GOLD',
  gram: null,
  mg: null,
  redemptionDate: null,
  redemptionAmount: null,
  remark: '',
  presentValue: null,
  idProof: '',
  createdBy: 'nakoda',
  _id: new ObjectId("6547c4628b2f4d86c8156d3d"),
  principle: [],
  __v: 0
}
nakoda
nakoda
nakoda
nakoda
nakoda
nakoda
nakoda
nakoda
nakoda
nakoda
nakoda
nakoda
nakoda
nakoda
nakoda
nakoda
nakoda
nakoda
nakoda
nakoda
nakoda
nakoda
nakoda
nakoda
nakoda
nakoda
nakoda
nakoda
nakoda
nakoda
nakoda
nakoda
nakoda
nakoda
nakoda
nakoda
nakoda
nakoda
nakoda
nakoda
nakoda
nakoda
nakoda
nakoda
nakoda
nakoda
hemanth 
hemanth 
hemanth 
nakoda
nakoda
nakoda
nakoda
nakoda
hemanth 
hemanth 
hemanth 
Connected to port 4000
Connected to Mongo! Database name: "nakoda"
nakoda
nakoda
nakoda
nakoda
nakoda
nakoda
{
  cName: 'testing backup',
  address: '828/35 VOC NAGAR',
  cityPincode: 'Chennai - 600 081',
  date: '2023-11-09',
  contactNo: null,
  billNumber: '1/2023',
  amount: 2500,
  articleName: [ 'chain' ],
  metal: 'GOLD',
  gram: 10,
  mg: 0,
  redemptionDate: null,
  redemptionAmount: null,
  remark: '',
  presentValue: null,
  idProof: '',
  createdBy: 'nakoda',
  _id: new ObjectId("654d0ca0b9e76c1c631455e8"),
  principle: [],
  __v: 0
}
nakoda
nakoda
file written successfully
nakoda
file written successfully
Connected to port 4000
Connected to Mongo! Database name: "nakoda"
hemanth 
hemanth 
hemanth 
hemanth 
hemanth 
hemanth 
hemanth 
Student updated successfully !
hemanth 
hemanth 
Student updated successfully !
hemanth 
hemanth 
Student updated successfully !
hemanth 
hemanth 
Student updated successfully !
hemanth 
hemanth 
hemanth 
hemanth 
Student updated successfully !
hemanth 
hemanth 
Student updated successfully !
hemanth 
hemanth 
Student updated successfully !
hemanth 
hemanth 
Student updated successfully !
hemanth 
hemanth 
hemanth 
hemanth 
hemanth 
hemanth 
hemanth 
hemanth 
hemanth 
hemanth 
hemanth 
hemanth 
hemanth 
